<?xml version="1.0" encoding="UTF-8"?>
<!-- Generated by org.testng.reporters.JUnitXMLReporter -->
<testsuite ignored="0" hostname="DESKTOP-LVD2BN5" failures="0" tests="1" name="Test" time="0.043" errors="0" timestamp="2023-06-12T10:15:12 IST">
  <testcase classname="org.base.testcases.TestCase1" name="@BeforeMethod initializeSetup" time="-1.686545112591E9">
    <failure type="org.testng.TestNGException" message="
Parameter &amp;apos;Port&amp;apos; is required by BeforeMethod on method initializeSetup but has not been marked @Optional or defined
in C:\Users\maXx\eclipse-workspace\axis\testng.xml">
      <![CDATA[org.testng.TestNGException: 
Parameter 'Port' is required by BeforeMethod on method initializeSetup but has not been marked @Optional or defined
in C:\Users\maXx\eclipse-workspace\axis\testng.xml
at java.base/java.util.ArrayList.forEach(ArrayList.java:1541)
... Removed 28 stack frames]]>
    </failure>
  </testcase> <!-- @BeforeMethod initializeSetup -->
  <testcase classname="org.base.testcases.TestCase1" name="test1" time="0.0">
    <skipped/>
  </testcase> <!-- test1 -->
</testsuite> <!-- Test -->
