<?xml version="1.0" encoding="UTF-8"?>
<testng-results ignored="0" total="2" passed="2" failed="0" skipped="0">
  <reporter-output>
  </reporter-output>
  <suite started-at="2023-06-12T10:41:26 IST" name="Suite" finished-at="2023-06-12T10:41:34 IST" duration-ms="8272">
    <groups>
    </groups>
    <test started-at="2023-06-12T10:41:26 IST" name="Microsoft Edge Test" finished-at="2023-06-12T10:41:34 IST" duration-ms="8135">
      <class name="org.base.testcases.TestCase1">
        <test-method is-config="true" signature="initializeSetup(java.lang.String)[pri:0, instance:org.base.testcases.TestCase1@25fb8912]" started-at="2023-06-12T10:41:26 IST" name="initializeSetup" finished-at="2023-06-12T10:41:31 IST" duration-ms="4938" status="PASS">
          <params>
            <param index="0">
              <value>
                <![CDATA[6666]]>
              </value>
            </param>
          </params>
          <reporter-output>
          </reporter-output>
        </test-method> <!-- initializeSetup -->
        <test-method signature="test1()[pri:0, instance:org.base.testcases.TestCase1@25fb8912]" started-at="2023-06-12T10:41:31 IST" name="test1" finished-at="2023-06-12T10:41:34 IST" duration-ms="3157" status="PASS">
          <reporter-output>
          </reporter-output>
        </test-method> <!-- test1 -->
      </class> <!-- org.base.testcases.TestCase1 -->
    </test> <!-- Microsoft Edge Test -->
    <test started-at="2023-06-12T10:41:26 IST" name="Chrome Test" finished-at="2023-06-12T10:41:34 IST" duration-ms="8272">
      <class name="org.base.testcases.TestCase1">
        <test-method is-config="true" signature="initializeSetup(java.lang.String)[pri:0, instance:org.base.testcases.TestCase1@693fe6c9]" started-at="2023-06-12T10:41:26 IST" name="initializeSetup" finished-at="2023-06-12T10:41:31 IST" duration-ms="5089" status="PASS">
          <params>
            <param index="0">
              <value>
                <![CDATA[5555]]>
              </value>
            </param>
          </params>
          <reporter-output>
          </reporter-output>
        </test-method> <!-- initializeSetup -->
        <test-method signature="test1()[pri:0, instance:org.base.testcases.TestCase1@693fe6c9]" started-at="2023-06-12T10:41:31 IST" name="test1" finished-at="2023-06-12T10:41:34 IST" duration-ms="3148" status="PASS">
          <reporter-output>
          </reporter-output>
        </test-method> <!-- test1 -->
      </class> <!-- org.base.testcases.TestCase1 -->
    </test> <!-- Chrome Test -->
  </suite> <!-- Suite -->
</testng-results>
